[2023-05-22 10:16:55.253 +05:30  INF]  Now listening on: https://localhost:7291
[2023-05-22 10:16:55.324 +05:30  INF]  Now listening on: http://localhost:5291
[2023-05-22 10:16:55.330 +05:30  INF]  Application started. Press Ctrl+C to shut down.
[2023-05-22 10:16:55.331 +05:30  INF]  Hosting environment: Development
[2023-05-22 10:16:55.331 +05:30  INF]  Content root path: C:\DFX user Work\DFX GIT Workspace\navprojects\Connectors\PaymentAPI\PaymentAPI\
[2023-05-22 10:16:56.733 +05:30  INF]  Request starting HTTP/2 GET https://localhost:7291/swagger - -
[2023-05-22 10:16:57.038 +05:30  INF]  Request finished HTTP/2 GET https://localhost:7291/swagger - - - 301 0 - 308.9057ms
[2023-05-22 10:16:57.045 +05:30  INF]  Request starting HTTP/2 GET https://localhost:7291/swagger/index.html - -
[2023-05-22 10:16:59.128 +05:30  INF]  Request finished HTTP/2 GET https://localhost:7291/swagger/index.html - - - 200 - text/html;charset=utf-8 2083.2535ms
[2023-05-22 10:17:01.832 +05:30  INF]  Request starting HTTP/2 GET https://localhost:7291/swagger/swagger-ui.css - -
[2023-05-22 10:17:01.860 +05:30  INF]  Sending file. Request path: '/swagger-ui.css'. Physical path: 'N/A'
[2023-05-22 10:17:01.860 +05:30  INF]  Request finished HTTP/2 GET https://localhost:7291/swagger/swagger-ui.css - - - 200 143632 text/css 28.3081ms
[2023-05-22 10:17:02.039 +05:30  INF]  Request starting HTTP/2 GET https://localhost:7291/swagger/swagger-ui-bundle.js - -
[2023-05-22 10:17:02.039 +05:30  INF]  Request starting HTTP/2 GET https://localhost:7291/swagger/swagger-ui-standalone-preset.js - -
[2023-05-22 10:17:02.160 +05:30  INF]  Sending file. Request path: '/swagger-ui-standalone-preset.js'. Physical path: 'N/A'
[2023-05-22 10:17:02.160 +05:30  INF]  Request finished HTTP/2 GET https://localhost:7291/swagger/swagger-ui-standalone-preset.js - - - 200 337162 application/javascript 120.7339ms
[2023-05-22 10:17:02.233 +05:30  INF]  Sending file. Request path: '/swagger-ui-bundle.js'. Physical path: 'N/A'
[2023-05-22 10:17:02.233 +05:30  INF]  Request finished HTTP/2 GET https://localhost:7291/swagger/swagger-ui-bundle.js - - - 200 1092889 application/javascript 193.8594ms
[2023-05-22 10:17:02.800 +05:30  INF]  Request starting HTTP/2 GET https://localhost:7291/_framework/aspnetcore-browser-refresh.js - -
[2023-05-22 10:17:02.808 +05:30  INF]  Request finished HTTP/2 GET https://localhost:7291/_framework/aspnetcore-browser-refresh.js - - - 200 11990 application/javascript;+charset=utf-8 8.2112ms
[2023-05-22 10:17:03.567 +05:30  INF]  Request starting HTTP/2 GET https://localhost:7291/_vs/browserLink - -
[2023-05-22 10:17:03.667 +05:30  INF]  Request finished HTTP/2 GET https://localhost:7291/_vs/browserLink - - - 200 - text/javascript;+charset=UTF-8 99.2759ms
[2023-05-22 10:17:10.007 +05:30  INF]  Request starting HTTP/2 GET https://localhost:7291/swagger/v1/swagger.json - -
[2023-05-22 10:17:10.203 +05:30  INF]  Request finished HTTP/2 GET https://localhost:7291/swagger/v1/swagger.json - - - 200 - application/json;charset=utf-8 195.4009ms
[2023-05-22 10:17:11.186 +05:30  INF]  Request starting HTTP/2 GET https://localhost:7291/swagger/favicon-32x32.png - -
[2023-05-22 10:17:11.189 +05:30  INF]  Sending file. Request path: '/favicon-32x32.png'. Physical path: 'N/A'
[2023-05-22 10:17:11.190 +05:30  INF]  Request finished HTTP/2 GET https://localhost:7291/swagger/favicon-32x32.png - - - 200 628 image/png 3.1413ms
[2023-05-22 10:20:21.011 +05:30  INF]  Request starting HTTP/2 POST https://localhost:7291/api/NavOnePaymentAPI/CreatePayment?ClientNo=455 - 0
[2023-05-22 10:20:21.021 +05:30  INF]  CORS policy execution successful.
[2023-05-22 10:20:21.034 +05:30  INF]  Executing endpoint 'PaymentAPI.Controllers.NavOnePaymentAPI.CreatePayment (PaymentAPI)'
[2023-05-22 10:20:21.098 +05:30  INF]  Route matched with {action = "CreatePayment", controller = "NavOnePaymentAPI"}. Executing controller action with signature System.Threading.Tasks.Task`1[Microsoft.AspNetCore.Mvc.IActionResult] CreatePayment(System.String) on controller PaymentAPI.Controllers.NavOnePaymentAPI (PaymentAPI).
[2023-05-22 10:20:21.165 +05:30  INF]  Create Payment
[2023-05-22 10:20:44.068 +05:30  ERR]  Create Payment:Error Inner Exception:{ex.InnerException}
System.ServiceModel.CommunicationException: A connection attempt failed because the connected party did not properly respond after a period of time, or established connection failed because connected host has failed to respond. (navcrm.datafabricx.com:5057)
 ---> System.Net.Http.HttpRequestException: A connection attempt failed because the connected party did not properly respond after a period of time, or established connection failed because connected host has failed to respond. (navcrm.datafabricx.com:5057)
 ---> System.Net.Sockets.SocketException (10060): A connection attempt failed because the connected party did not properly respond after a period of time, or established connection failed because connected host has failed to respond.
   at System.Net.Sockets.Socket.AwaitableSocketAsyncEventArgs.ThrowException(SocketError error, CancellationToken cancellationToken)
   at System.Net.Sockets.Socket.AwaitableSocketAsyncEventArgs.System.Threading.Tasks.Sources.IValueTaskSource.GetResult(Int16 token)
   at System.Net.Sockets.Socket.<ConnectAsync>g__WaitForConnectWithCancellation|277_0(AwaitableSocketAsyncEventArgs saea, ValueTask connectTask, CancellationToken cancellationToken)
   at System.Net.Http.HttpConnectionPool.ConnectToTcpHostAsync(String host, Int32 port, HttpRequestMessage initialRequest, Boolean async, CancellationToken cancellationToken)
   --- End of inner exception stack trace ---
   at System.Net.Http.HttpConnectionPool.ConnectToTcpHostAsync(String host, Int32 port, HttpRequestMessage initialRequest, Boolean async, CancellationToken cancellationToken)
   at System.Net.Http.HttpConnectionPool.ConnectAsync(HttpRequestMessage request, Boolean async, CancellationToken cancellationToken)
   at System.Net.Http.HttpConnectionPool.CreateHttp11ConnectionAsync(HttpRequestMessage request, Boolean async, CancellationToken cancellationToken)
   at System.Net.Http.HttpConnectionPool.AddHttp11ConnectionAsync(HttpRequestMessage request)
   at System.Threading.Tasks.TaskCompletionSourceWithCancellation`1.WaitWithCancellationAsync(CancellationToken cancellationToken)
   at System.Net.Http.HttpConnectionPool.GetHttp11ConnectionAsync(HttpRequestMessage request, Boolean async, CancellationToken cancellationToken)
   at System.Net.Http.HttpConnectionPool.SendWithVersionDetectionAndRetryAsync(HttpRequestMessage request, Boolean async, Boolean doRequestAuth, CancellationToken cancellationToken)
   at System.Net.Http.AuthenticationHelper.SendWithAuthAsync(HttpRequestMessage request, Uri authUri, Boolean async, ICredentials credentials, Boolean preAuthenticate, Boolean isProxyAuth, Boolean doRequestAuth, HttpConnectionPool pool, CancellationToken cancellationToken)
   at System.Net.Http.DiagnosticsHandler.SendAsyncCore(HttpRequestMessage request, Boolean async, CancellationToken cancellationToken)
   at System.Net.Http.RedirectHandler.SendAsync(HttpRequestMessage request, Boolean async, CancellationToken cancellationToken)
   at System.Net.Http.DecompressionHandler.SendAsync(HttpRequestMessage request, Boolean async, CancellationToken cancellationToken)
   at System.Net.Http.HttpClient.<SendAsync>g__Core|83_0(HttpRequestMessage request, HttpCompletionOption completionOption, CancellationTokenSource cts, Boolean disposeCts, CancellationTokenSource pendingRequestsCts, CancellationToken originalCancellationToken)
   at System.ServiceModel.Channels.HttpChannelFactory`1.HttpClientRequestChannel.HttpClientChannelAsyncRequest.SendRequestAsync(Message message, TimeoutHelper timeoutHelper)
   --- End of inner exception stack trace ---
   at System.Runtime.AsyncResult.End[TAsyncResult](IAsyncResult result)
   at System.ServiceModel.Channels.ServiceChannel.SendAsyncResult.End(SendAsyncResult result)
   at System.ServiceModel.Channels.ServiceChannel.EndCall(String action, Object[] outs, IAsyncResult result)
   at System.ServiceModel.Channels.ServiceChannelProxy.TaskCreator.<>c__DisplayClass1_0.<CreateGenericTask>b__0(IAsyncResult asyncResult)
--- End of stack trace from previous location ---
   at PaymentAPI.Controllers.NavOnePaymentAPI.CreatePayment(String ClientNo) in C:\DFX user Work\DFX GIT Workspace\navprojects\Connectors\PaymentAPI\PaymentAPI\Controllers\NavOnePaymentAPI.cs:line 37
[2023-05-22 10:20:44.098 +05:30  INF]  Executing BadRequestObjectResult, writing value of type 'System.String'.
[2023-05-22 10:20:44.108 +05:30  INF]  Executed action PaymentAPI.Controllers.NavOnePaymentAPI.CreatePayment (PaymentAPI) in 23003.0972ms
[2023-05-22 10:20:44.112 +05:30  INF]  Executed endpoint 'PaymentAPI.Controllers.NavOnePaymentAPI.CreatePayment (PaymentAPI)'
[2023-05-22 10:20:44.116 +05:30  INF]  Request finished HTTP/2 POST https://localhost:7291/api/NavOnePaymentAPI/CreatePayment?ClientNo=455 - 0 - 400 - text/plain;+charset=utf-8 23106.0899ms
[2023-05-22 10:22:08.316 +05:30  INF]  Request starting HTTP/2 GET https://localhost:7291/swagger/index.html - -
[2023-05-22 10:22:08.350 +05:30  INF]  Request finished HTTP/2 GET https://localhost:7291/swagger/index.html - - - 200 - text/html;charset=utf-8 34.2626ms
[2023-05-22 10:22:08.361 +05:30  INF]  Request starting HTTP/2 GET https://localhost:7291/_framework/aspnetcore-browser-refresh.js - -
[2023-05-22 10:22:08.361 +05:30  INF]  Request finished HTTP/2 GET https://localhost:7291/_framework/aspnetcore-browser-refresh.js - - - 200 11990 application/javascript;+charset=utf-8 0.3638ms
[2023-05-22 10:22:08.374 +05:30  INF]  Request starting HTTP/2 GET https://localhost:7291/_vs/browserLink - -
[2023-05-22 10:22:08.415 +05:30  INF]  Request finished HTTP/2 GET https://localhost:7291/_vs/browserLink - - - 200 - text/javascript;+charset=UTF-8 41.1146ms
[2023-05-22 10:22:08.632 +05:30  INF]  Request starting HTTP/2 GET https://localhost:7291/swagger/v1/swagger.json - -
[2023-05-22 10:22:08.636 +05:30  INF]  Request finished HTTP/2 GET https://localhost:7291/swagger/v1/swagger.json - - - 200 - application/json;charset=utf-8 4.0500ms
