[2022-09-23 10:05:57.374 +05:30  INF]  Now listening on: https://localhost:7291
[2022-09-23 10:05:57.428 +05:30  INF]  Now listening on: http://localhost:5291
[2022-09-23 10:05:57.433 +05:30  INF]  Application started. Press Ctrl+C to shut down.
[2022-09-23 10:05:57.434 +05:30  INF]  Hosting environment: Development
[2022-09-23 10:05:57.434 +05:30  INF]  Content root path: C:\DFX GIT Workspace\Backup_navprojects\Connectors\PaymentAPI\PaymentAPI\
[2022-09-23 10:05:59.041 +05:30  INF]  Request starting HTTP/2 GET https://localhost:7291/swagger - -
[2022-09-23 10:05:59.274 +05:30  INF]  Request finished HTTP/2 GET https://localhost:7291/swagger - - - 301 0 - 243.2289ms
[2022-09-23 10:05:59.318 +05:30  INF]  Request starting HTTP/2 GET https://localhost:7291/swagger/index.html - -
[2022-09-23 10:05:59.782 +05:30  INF]  Request starting HTTP/2 GET https://localhost:7291/swagger/swagger-ui.css - -
[2022-09-23 10:05:59.782 +05:30  INF]  Request starting HTTP/2 GET https://localhost:7291/swagger/swagger-ui-bundle.js - -
[2022-09-23 10:05:59.782 +05:30  INF]  Request starting HTTP/2 GET https://localhost:7291/swagger/swagger-ui-standalone-preset.js - -
[2022-09-23 10:05:59.783 +05:30  INF]  Request starting HTTP/2 GET https://localhost:7291/_framework/aspnetcore-browser-refresh.js - -
[2022-09-23 10:05:59.784 +05:30  INF]  Request finished HTTP/2 GET https://localhost:7291/swagger/index.html - - - 200 - text/html;charset=utf-8 466.1098ms
[2022-09-23 10:05:59.790 +05:30  INF]  Request finished HTTP/2 GET https://localhost:7291/_framework/aspnetcore-browser-refresh.js - - - 200 11978 application/javascript;+charset=utf-8 7.7359ms
[2022-09-23 10:05:59.874 +05:30  INF]  Sending file. Request path: '/swagger-ui.css'. Physical path: 'N/A'
[2022-09-23 10:05:59.886 +05:30  INF]  Request finished HTTP/2 GET https://localhost:7291/swagger/swagger-ui.css - - - 200 143632 text/css 104.5211ms
[2022-09-23 10:05:59.894 +05:30  INF]  Sending file. Request path: '/swagger-ui-standalone-preset.js'. Physical path: 'N/A'
[2022-09-23 10:05:59.901 +05:30  INF]  Request finished HTTP/2 GET https://localhost:7291/swagger/swagger-ui-standalone-preset.js - - - 200 337162 application/javascript 119.1091ms
[2022-09-23 10:05:59.955 +05:30  INF]  Sending file. Request path: '/swagger-ui-bundle.js'. Physical path: 'N/A'
[2022-09-23 10:05:59.955 +05:30  INF]  Request finished HTTP/2 GET https://localhost:7291/swagger/swagger-ui-bundle.js - - - 200 1092889 application/javascript 173.2307ms
[2022-09-23 10:06:00.318 +05:30  INF]  Request starting HTTP/2 GET https://localhost:7291/swagger/v1/swagger.json - -
[2022-09-23 10:06:00.383 +05:30  INF]  Request starting HTTP/2 GET https://localhost:7291/swagger/favicon-32x32.png - -
[2022-09-23 10:06:00.390 +05:30  INF]  Sending file. Request path: '/favicon-32x32.png'. Physical path: 'N/A'
[2022-09-23 10:06:00.390 +05:30  INF]  Request finished HTTP/2 GET https://localhost:7291/swagger/favicon-32x32.png - - - 200 628 image/png 7.1562ms
[2022-09-23 10:06:00.484 +05:30  INF]  Request finished HTTP/2 GET https://localhost:7291/swagger/v1/swagger.json - - - 200 - application/json;charset=utf-8 166.5649ms
[2022-09-23 10:06:23.343 +05:30  INF]  Request starting HTTP/2 POST https://localhost:7291/api/NavOnePaymentAPI/CreatePayment - 0
[2022-09-23 10:06:23.351 +05:30  INF]  CORS policy execution successful.
[2022-09-23 10:06:23.358 +05:30  INF]  Executing endpoint 'PaymentAPI.Controllers.NavOnePaymentAPI.CreatePayment (PaymentAPI)'
[2022-09-23 10:06:23.394 +05:30  INF]  Route matched with {action = "CreatePayment", controller = "NavOnePaymentAPI"}. Executing controller action with signature System.Threading.Tasks.Task`1[Microsoft.AspNetCore.Mvc.IActionResult] CreatePayment(System.String) on controller PaymentAPI.Controllers.NavOnePaymentAPI (PaymentAPI).
[2022-09-23 10:06:23.424 +05:30  INF]  Executing BadRequestObjectResult, writing value of type 'Microsoft.AspNetCore.Mvc.ValidationProblemDetails'.
[2022-09-23 10:06:23.435 +05:30  INF]  Executed action PaymentAPI.Controllers.NavOnePaymentAPI.CreatePayment (PaymentAPI) in 35.6701ms
[2022-09-23 10:06:23.436 +05:30  INF]  Executed endpoint 'PaymentAPI.Controllers.NavOnePaymentAPI.CreatePayment (PaymentAPI)'
[2022-09-23 10:06:23.436 +05:30  INF]  Request finished HTTP/2 POST https://localhost:7291/api/NavOnePaymentAPI/CreatePayment - 0 - 400 - application/problem+json;+charset=utf-8 93.2513ms
[2022-09-23 10:06:37.028 +05:30  INF]  Request starting HTTP/2 POST https://localhost:7291/api/NavOnePaymentAPI/CreatePayment?ClientNo=1233 - 0
[2022-09-23 10:06:37.029 +05:30  INF]  CORS policy execution successful.
[2022-09-23 10:06:37.029 +05:30  INF]  Executing endpoint 'PaymentAPI.Controllers.NavOnePaymentAPI.CreatePayment (PaymentAPI)'
[2022-09-23 10:06:37.030 +05:30  INF]  Route matched with {action = "CreatePayment", controller = "NavOnePaymentAPI"}. Executing controller action with signature System.Threading.Tasks.Task`1[Microsoft.AspNetCore.Mvc.IActionResult] CreatePayment(System.String) on controller PaymentAPI.Controllers.NavOnePaymentAPI (PaymentAPI).
[2022-09-23 10:06:37.054 +05:30  INF]  Create Payment
[2022-09-23 10:06:39.501 +05:30  ERR]  Create Payment:Error Inner Exception:{ex.InnerException}
System.ServiceModel.FaultException: The Client does not exist. Identification fields and values: Client No.='1233'
   at System.ServiceModel.Channels.ServiceChannel.HandleReply(ProxyOperationRuntime operation, ProxyRpc& rpc)
   at System.ServiceModel.Channels.ServiceChannel.EndCall(String action, Object[] outs, IAsyncResult result)
   at System.ServiceModel.Channels.ServiceChannelProxy.TaskCreator.<>c__DisplayClass1_0.<CreateGenericTask>b__0(IAsyncResult asyncResult)
--- End of stack trace from previous location ---
   at PaymentAPI.Controllers.NavOnePaymentAPI.CreatePayment(String ClientNo) in C:\DFX GIT Workspace\Backup_navprojects\Connectors\PaymentAPI\PaymentAPI\Controllers\NavOnePaymentAPI.cs:line 37
[2022-09-23 10:06:39.607 +05:30  INF]  Executing BadRequestObjectResult, writing value of type 'System.String'.
[2022-09-23 10:06:39.608 +05:30  INF]  Executed action PaymentAPI.Controllers.NavOnePaymentAPI.CreatePayment (PaymentAPI) in 2578.1846ms
[2022-09-23 10:06:39.608 +05:30  INF]  Executed endpoint 'PaymentAPI.Controllers.NavOnePaymentAPI.CreatePayment (PaymentAPI)'
[2022-09-23 10:06:39.609 +05:30  INF]  Request finished HTTP/2 POST https://localhost:7291/api/NavOnePaymentAPI/CreatePayment?ClientNo=1233 - 0 - 400 - text/plain;+charset=utf-8 2581.2188ms
[2022-09-23 10:06:58.646 +05:30  INF]  Request starting HTTP/2 GET https://localhost:7291/swagger/index.html - -
[2022-09-23 10:06:58.677 +05:30  INF]  Request finished HTTP/2 GET https://localhost:7291/swagger/index.html - - - 200 - text/html;charset=utf-8 31.2171ms
[2022-09-23 10:06:58.699 +05:30  INF]  Request starting HTTP/2 GET https://localhost:7291/_framework/aspnetcore-browser-refresh.js - -
[2022-09-23 10:06:58.699 +05:30  INF]  Request finished HTTP/2 GET https://localhost:7291/_framework/aspnetcore-browser-refresh.js - - - 200 11978 application/javascript;+charset=utf-8 0.2699ms
[2022-09-23 10:06:58.812 +05:30  INF]  Request starting HTTP/2 GET https://localhost:7291/swagger/v1/swagger.json - -
[2022-09-23 10:06:58.813 +05:30  INF]  Request finished HTTP/2 GET https://localhost:7291/swagger/v1/swagger.json - - - 200 - application/json;charset=utf-8 1.3233ms
[2022-09-23 10:40:27.533 +05:30  INF]  Now listening on: https://localhost:7291
[2022-09-23 10:40:27.590 +05:30  INF]  Now listening on: http://localhost:5291
[2022-09-23 10:40:27.599 +05:30  INF]  Application started. Press Ctrl+C to shut down.
[2022-09-23 10:40:27.601 +05:30  INF]  Hosting environment: Development
[2022-09-23 10:40:27.602 +05:30  INF]  Content root path: C:\DFX GIT Workspace\Backup_navprojects\Connectors\PaymentAPI\PaymentAPI\
[2022-09-23 10:40:28.695 +05:30  INF]  Request starting HTTP/2 GET https://localhost:7291/swagger/index.html - -
[2022-09-23 10:40:29.398 +05:30  INF]  Request finished HTTP/2 GET https://localhost:7291/swagger/index.html - - - 200 - text/html;charset=utf-8 688.8871ms
[2022-09-23 10:40:29.447 +05:30  INF]  Request starting HTTP/2 GET https://localhost:7291/_framework/aspnetcore-browser-refresh.js - -
[2022-09-23 10:40:29.463 +05:30  INF]  Request finished HTTP/2 GET https://localhost:7291/_framework/aspnetcore-browser-refresh.js - - - 200 11978 application/javascript;+charset=utf-8 16.1123ms
[2022-09-23 10:40:29.676 +05:30  INF]  Request starting HTTP/2 GET https://localhost:7291/swagger/v1/swagger.json - -
[2022-09-23 10:40:29.830 +05:30  INF]  Request finished HTTP/2 GET https://localhost:7291/swagger/v1/swagger.json - - - 200 - application/json;charset=utf-8 154.4517ms
